# JRE version: OpenJDK Runtime Environment (8.0_112-b06) (build 1.8.0_112-release-b06)
# Java VM: OpenJDK 64-Bit Server VM (25.112-b06 mixed mode windows-amd64 compressed oops)
Heap:
 PSYoungGen      total 186368K, used 90977K [0x00000000e0000000, 0x00000000edd80000, 0x0000000100000000)
  eden space 176640K, 46% used [0x00000000e0000000,0x00000000e5108468,0x00000000eac80000)
  from space 9728K, 82% used [0x00000000ed400000,0x00000000edbd0330,0x00000000edd80000)
  to   space 25088K, 0% used [0x00000000eac80000,0x00000000eac80000,0x00000000ec500000)
 ParOldGen       total 105984K, used 45481K [0x00000000a0000000, 0x00000000a6780000, 0x00000000e0000000)
  object space 105984K, 42% used [0x00000000a0000000,0x00000000a2c6a6b8,0x00000000a6780000)
 Metaspace       used 61452K, capacity 64085K, committed 64384K, reserved 1105920K
  class space    used 8230K, capacity 8756K, committed 8832K, reserved 1048576K
GC Heap History (10 events):
Event: 37.422 GC heap before
{Heap before GC invocations=13 (full 2):
 PSYoungGen      total 126976K, used 124829K [0x00000000e0000000, 0x00000000e8c80000, 0x0000000100000000)
  eden space 115200K, 100% used [0x00000000e0000000,0x00000000e7080000,0x00000000e7080000)
  from space 11776K, 81% used [0x00000000e7c80000,0x00000000e85e7430,0x00000000e8800000)
  to   space 12288K, 0% used [0x00000000e7080000,0x00000000e7080000,0x00000000e7c80000)
 ParOldGen       total 60928K, used 17431K [0x00000000a0000000, 0x00000000a3b80000, 0x00000000e0000000)
  object space 60928K, 28% used [0x00000000a0000000,0x00000000a1105c70,0x00000000a3b80000)
 Metaspace       used 47734K, capacity 48816K, committed 49152K, reserved 1091584K
  class space    used 6366K, capacity 6630K, committed 6656K, reserved 1048576K
Event: 37.457 GC heap after
Heap after GC invocations=13 (full 2):
 PSYoungGen      total 127488K, used 12256K [0x00000000e0000000, 0x00000000eac00000, 0x0000000100000000)
  eden space 115200K, 0% used [0x00000000e0000000,0x00000000e0000000,0x00000000e7080000)
  from space 12288K, 99% used [0x00000000e7080000,0x00000000e7c78160,0x00000000e7c80000)
  to   space 15360K, 0% used [0x00000000e9d00000,0x00000000e9d00000,0x00000000eac00000)
 ParOldGen       total 60928K, used 21344K [0x00000000a0000000, 0x00000000a3b80000, 0x00000000e0000000)
  object space 60928K, 35% used [0x00000000a0000000,0x00000000a14d8070,0x00000000a3b80000)
 Metaspace       used 47734K, capacity 48816K, committed 49152K, reserved 1091584K
  class space    used 6366K, capacity 6630K, committed 6656K, reserved 1048576K
}
Event: 41.970 GC heap before
{Heap before GC invocations=14 (full 2):
 PSYoungGen      total 127488K, used 127456K [0x00000000e0000000, 0x00000000eac00000, 0x0000000100000000)
  eden space 115200K, 100% used [0x00000000e0000000,0x00000000e7080000,0x00000000e7080000)
  from space 12288K, 99% used [0x00000000e7080000,0x00000000e7c78160,0x00000000e7c80000)
  to   space 15360K, 0% used [0x00000000e9d00000,0x00000000e9d00000,0x00000000eac00000)
 ParOldGen       total 60928K, used 21344K [0x00000000a0000000, 0x00000000a3b80000, 0x00000000e0000000)
  object space 60928K, 35% used [0x00000000a0000000,0x00000000a14d8070,0x00000000a3b80000)
 Metaspace       used 53056K, capacity 54672K, committed 54784K, reserved 1095680K
  class space    used 7212K, capacity 7600K, committed 7680K, reserved 1048576K
Event: 42.069 GC heap after
Heap after GC invocations=14 (full 2):
 PSYoungGen      total 155648K, used 15330K [0x00000000e0000000, 0x00000000ebb80000, 0x0000000100000000)
  eden space 140288K, 0% used [0x00000000e0000000,0x00000000e0000000,0x00000000e8900000)
  from space 15360K, 99% used [0x00000000e9d00000,0x00000000eabf88f8,0x00000000eac00000)
  to   space 20480K, 0% used [0x00000000e8900000,0x00000000e8900000,0x00000000e9d00000)
 ParOldGen       total 60928K, used 28851K [0x00000000a0000000, 0x00000000a3b80000, 0x00000000e0000000)
  object space 60928K, 47% used [0x00000000a0000000,0x00000000a1c2ccf8,0x00000000a3b80000)
 Metaspace       used 53056K, capacity 54672K, committed 54784K, reserved 1095680K
  class space    used 7212K, capacity 7600K, committed 7680K, reserved 1048576K
}
Event: 44.594 GC heap before
{Heap before GC invocations=15 (full 2):
 PSYoungGen      total 155648K, used 116515K [0x00000000e0000000, 0x00000000ebb80000, 0x0000000100000000)
  eden space 140288K, 72% used [0x00000000e0000000,0x00000000e62d05b0,0x00000000e8900000)
  from space 15360K, 99% used [0x00000000e9d00000,0x00000000eabf88f8,0x00000000eac00000)
  to   space 20480K, 0% used [0x00000000e8900000,0x00000000e8900000,0x00000000e9d00000)
 ParOldGen       total 60928K, used 28851K [0x00000000a0000000, 0x00000000a3b80000, 0x00000000e0000000)
  object space 60928K, 47% used [0x00000000a0000000,0x00000000a1c2ccf8,0x00000000a3b80000)
 Metaspace       used 56823K, capacity 59015K, committed 59028K, reserved 1099776K
  class space    used 7708K, capacity 8179K, committed 8192K, reserved 1048576K
Event: 44.675 GC heap after
Heap after GC invocations=15 (full 2):
 PSYoungGen      total 160768K, used 20466K [0x00000000e0000000, 0x00000000eed80000, 0x0000000100000000)
  eden space 140288K, 0% used [0x00000000e0000000,0x00000000e0000000,0x00000000e8900000)
  from space 20480K, 99% used [0x00000000e8900000,0x00000000e9cfc928,0x00000000e9d00000)
  to   space 26112K, 0% used [0x00000000ed400000,0x00000000ed400000,0x00000000eed80000)
 ParOldGen       total 60928K, used 36655K [0x00000000a0000000, 0x00000000a3b80000, 0x00000000e0000000)
  object space 60928K, 60% used [0x00000000a0000000,0x00000000a23cbf58,0x00000000a3b80000)
 Metaspace       used 56823K, capacity 59015K, committed 59028K, reserved 1099776K
  class space    used 7708K, capacity 8179K, committed 8192K, reserved 1048576K
}
Event: 44.675 GC heap before
{Heap before GC invocations=16 (full 3):
 PSYoungGen      total 160768K, used 20466K [0x00000000e0000000, 0x00000000eed80000, 0x0000000100000000)
  eden space 140288K, 0% used [0x00000000e0000000,0x00000000e0000000,0x00000000e8900000)
  from space 20480K, 99% used [0x00000000e8900000,0x00000000e9cfc928,0x00000000e9d00000)
  to   space 26112K, 0% used [0x00000000ed400000,0x00000000ed400000,0x00000000eed80000)
 ParOldGen       total 60928K, used 36655K [0x00000000a0000000, 0x00000000a3b80000, 0x00000000e0000000)
  object space 60928K, 60% used [0x00000000a0000000,0x00000000a23cbf58,0x00000000a3b80000)
 Metaspace       used 56823K, capacity 59015K, committed 59028K, reserved 1099776K
  class space    used 7708K, capacity 8179K, committed 8192K, reserved 1048576K
Event: 45.153 GC heap after
Heap after GC invocations=16 (full 3):
 PSYoungGen      total 160768K, used 0K [0x00000000e0000000, 0x00000000eed80000, 0x0000000100000000)
  eden space 140288K, 0% used [0x00000000e0000000,0x00000000e0000000,0x00000000e8900000)
  from space 20480K, 0% used [0x00000000e8900000,0x00000000e8900000,0x00000000e9d00000)
  to   space 26112K, 0% used [0x00000000ed400000,0x00000000ed400000,0x00000000eed80000)
 ParOldGen       total 105984K, used 45473K [0x00000000a0000000, 0x00000000a6780000, 0x00000000e0000000)
  object space 105984K, 42% used [0x00000000a0000000,0x00000000a2c686b8,0x00000000a6780000)
 Metaspace       used 56823K, capacity 59015K, committed 59028K, reserved 1099776K
  class space    used 7708K, capacity 8179K, committed 8192K, reserved 1048576K
}
Event: 74.202 GC heap before
{Heap before GC invocations=17 (full 3):
 PSYoungGen      total 160768K, used 140288K [0x00000000e0000000, 0x00000000eed80000, 0x0000000100000000)
  eden space 140288K, 100% used [0x00000000e0000000,0x00000000e8900000,0x00000000e8900000)
  from space 20480K, 0% used [0x00000000e8900000,0x00000000e8900000,0x00000000e9d00000)
  to   space 26112K, 0% used [0x00000000ed400000,0x00000000ed400000,0x00000000eed80000)
 ParOldGen       total 105984K, used 45473K [0x00000000a0000000, 0x00000000a6780000, 0x00000000e0000000)
  object space 105984K, 42% used [0x00000000a0000000,0x00000000a2c686b8,0x00000000a6780000)
 Metaspace       used 60865K, capacity 63297K, committed 63616K, reserved 1103872K
  class space    used 8193K, capacity 8728K, committed 8832K, reserved 1048576K
Event: 74.262 GC heap after
Heap after GC invocations=17 (full 3):
 PSYoungGen      total 186368K, used 8000K [0x00000000e0000000, 0x00000000edd80000, 0x0000000100000000)
  eden space 176640K, 0% used [0x00000000e0000000,0x00000000e0000000,0x00000000eac80000)
  from space 9728K, 82% used [0x00000000ed400000,0x00000000edbd0330,0x00000000edd80000)
  to   space 25088K, 0% used [0x00000000eac80000,0x00000000eac80000,0x00000000ec500000)
 ParOldGen       total 105984K, used 45481K [0x00000000a0000000, 0x00000000a6780000, 0x00000000e0000000)
  object space 105984K, 42% used [0x00000000a0000000,0x00000000a2c6a6b8,0x00000000a6780000)
 Metaspace       used 60865K, capacity 63297K, committed 63616K, reserved 1103872K
  class space    used 8193K, capacity 8728K, committed 8832K, reserved 1048576K
}

